<?xml version="1.0" encoding="UTF-8"?>
<!-- Generated by org.testng.reporters.JUnitXMLReporter -->
<testsuite ignored="0" hostname="DESKTOP-PI9175C" failures="0" tests="4" name="Cucumber Tests" time="16.547" errors="0" timestamp="2025-01-23T22:04:55 GMT">
  <testcase classname="io.cucumber.testng.AbstractTestNGCucumberTests" name="runScenario" time="6.791"/>
  <testcase classname="io.cucumber.testng.AbstractTestNGCucumberTests" name="runScenario" time="5.089"/>
  <testcase classname="io.cucumber.testng.AbstractTestNGCucumberTests" name="runScenario" time="4.135"/>
  <testcase classname="runner.TestRunner" name="runCucumber" time="0.001"/>
</testsuite> <!-- Cucumber Tests -->
