<?xml version="1.0" encoding="UTF-8"?>
<!-- Generated by org.testng.reporters.JUnitXMLReporter -->
<testsuite ignored="0" hostname="DESKTOP-PI9175C" failures="0" tests="4" name="TestOnChrome" time="19.642" errors="0" timestamp="2025-01-24T00:45:54 GMT">
  <testcase classname="runner.TestRunner" name="runCucumber" time="0.006"/>
  <testcase classname="io.cucumber.testng.AbstractTestNGCucumberTests" name="runScenario" time="7.696"/>
  <testcase classname="io.cucumber.testng.AbstractTestNGCucumberTests" name="runScenario" time="5.695"/>
  <testcase classname="io.cucumber.testng.AbstractTestNGCucumberTests" name="runScenario" time="5.774"/>
</testsuite> <!-- TestOnChrome -->
