<?xml version="1.0" encoding="UTF-8"?>
<!-- Generated by org.testng.reporters.JUnitXMLReporter -->
<testsuite ignored="0" hostname="DESKTOP-PI9175C" failures="0" tests="4" name="TestOnFirefox" time="16.553" errors="0" timestamp="2025-01-24T00:46:11 GMT">
  <testcase classname="runner.TestRunner" name="runCucumber" time="0.001"/>
  <testcase classname="io.cucumber.testng.AbstractTestNGCucumberTests" name="runScenario" time="5.655"/>
  <testcase classname="io.cucumber.testng.AbstractTestNGCucumberTests" name="runScenario" time="5.371"/>
  <testcase classname="io.cucumber.testng.AbstractTestNGCucumberTests" name="runScenario" time="5.497"/>
</testsuite> <!-- TestOnFirefox -->
